TN:
SF:src\App.tsx
FN:16,(anonymous_1)
FN:39,(anonymous_2)
FNF:2
FNH:0
FNDA:0,(anonymous_1)
FNDA:0,(anonymous_2)
DA:1,0
DA:2,0
DA:3,0
DA:4,0
DA:5,0
DA:6,0
DA:7,0
DA:8,0
DA:9,0
DA:10,0
DA:11,0
DA:12,0
DA:13,0
DA:14,0
DA:16,0
DA:17,0
DA:19,0
DA:39,0
DA:40,0
DA:49,0
LF:20
LH:0
BRF:0
BRH:0
end_of_record
TN:
SF:src\components\BoardCard.tsx
FN:16,(anonymous_8)
FN:31,(anonymous_9)
FN:31,(anonymous_10)
FN:38,(anonymous_11)
FN:38,(anonymous_12)
FN:43,(anonymous_13)
FN:43,(anonymous_14)
FN:55,(anonymous_15)
FN:68,(anonymous_16)
FN:81,(anonymous_17)
FN:95,(anonymous_18)
FN:114,(anonymous_19)
FN:130,(anonymous_20)
FN:157,(anonymous_21)
FN:161,(anonymous_22)
FNF:15
FNH:0
FNDA:0,(anonymous_8)
FNDA:0,(anonymous_9)
FNDA:0,(anonymous_10)
FNDA:0,(anonymous_11)
FNDA:0,(anonymous_12)
FNDA:0,(anonymous_13)
FNDA:0,(anonymous_14)
FNDA:0,(anonymous_15)
FNDA:0,(anonymous_16)
FNDA:0,(anonymous_17)
FNDA:0,(anonymous_18)
FNDA:0,(anonymous_19)
FNDA:0,(anonymous_20)
FNDA:0,(anonymous_21)
FNDA:0,(anonymous_22)
DA:1,0
DA:2,0
DA:4,0
DA:5,0
DA:16,0
DA:24,0
DA:25,0
DA:26,0
DA:27,0
DA:28,0
DA:29,0
DA:31,0
DA:32,0
DA:33,0
DA:34,0
DA:38,0
DA:39,0
DA:40,0
DA:43,0
DA:44,0
DA:45,0
DA:48,0
DA:55,0
DA:68,0
DA:81,0
DA:96,0
DA:114,0
DA:131,0
DA:132,0
DA:157,0
DA:161,0
DA:172,0
LF:32
LH:0
BRDA:32,0,0,0
BRDA:32,0,1,0
BRDA:51,1,0,0
BRDA:51,1,1,0
BRDA:79,2,0,0
BRDA:79,2,1,0
BRDA:93,3,0,0
BRDA:93,3,1,0
BRDA:95,4,0,0
BRDA:95,4,1,0
BRDA:95,5,0,0
BRDA:95,5,1,0
BRDA:98,6,0,0
BRDA:98,6,1,0
BRDA:128,7,0,0
BRDA:128,7,1,0
BRDA:156,8,0,0
BRDA:156,8,1,0
BRDA:158,9,0,0
BRDA:158,9,1,0
BRDA:158,10,0,0
BRDA:158,10,1,0
BRF:22
BRH:0
end_of_record
TN:
SF:src\components\Button.tsx
FN:10,(anonymous_1)
FNF:1
FNH:1
FNDA:32,(anonymous_1)
DA:2,1
DA:10,1
DA:15,32
DA:16,32
DA:18,32
DA:20,32
DA:26,32
LF:7
LH:7
BRDA:11,0,0,16
BRDA:12,1,0,16
BRDA:15,2,0,0
BRDA:29,3,0,32
BRDA:29,3,1,21
BRDA:32,4,0,32
BRDA:32,4,1,1
BRF:7
BRH:6
end_of_record
TN:
SF:src\components\CardSkeleton.tsx
FN:1,(anonymous_0)
FNF:1
FNH:0
FNDA:0,(anonymous_0)
DA:1,0
DA:2,0
LF:2
LH:0
BRF:0
BRH:0
end_of_record
TN:
SF:src\components\CollapsibleDescriptionArea.tsx
FN:6,(anonymous_0)
FN:14,(anonymous_1)
FNF:2
FNH:0
FNDA:0,(anonymous_0)
FNDA:0,(anonymous_1)
DA:6,0
DA:11,0
DA:14,0
DA:46,0
LF:4
LH:0
BRDA:19,0,0,0
BRDA:19,0,1,0
BRDA:31,1,0,0
BRDA:31,1,1,0
BRDA:35,2,0,0
BRDA:35,2,1,0
BRF:6
BRH:0
end_of_record
TN:
SF:src\components\ExitConfirmationModal.tsx
FN:11,(anonymous_0)
FNF:1
FNH:0
FNDA:0,(anonymous_0)
DA:11,0
DA:18,0
DA:20,0
DA:64,0
LF:4
LH:0
BRDA:18,0,0,0
BRDA:18,0,1,0
BRDA:31,1,0,0
BRDA:31,1,1,0
BRDA:35,2,0,0
BRDA:35,2,1,0
BRDA:51,3,0,0
BRDA:51,3,1,0
BRDA:56,4,0,0
BRDA:56,4,1,0
BRF:10
BRH:0
end_of_record
TN:
SF:src\components\LoadingContext.tsx
FN:12,(anonymous_0)
FN:28,(anonymous_1)
FNF:2
FNH:0
FNDA:0,(anonymous_0)
FNDA:0,(anonymous_1)
DA:1,0
DA:10,0
DA:12,0
DA:13,0
DA:14,0
DA:16,0
DA:28,0
DA:29,0
DA:30,0
DA:31,0
DA:33,0
LF:11
LH:0
BRDA:30,0,0,0
BRDA:30,0,1,0
BRF:2
BRH:0
end_of_record
TN:
SF:src\components\LoadingOverlay.tsx
FN:9,(anonymous_0)
FNF:1
FNH:0
FNDA:0,(anonymous_0)
DA:2,0
DA:9,0
DA:13,0
DA:15,0
LF:4
LH:0
BRDA:10,0,0,0
BRDA:11,1,0,0
BRDA:13,2,0,0
BRDA:13,2,1,0
BRF:4
BRH:0
end_of_record
TN:
SF:src\components\LoadingSpinner.tsx
FN:9,(anonymous_0)
FNF:1
FNH:1
FNDA:1,(anonymous_0)
DA:9,1
DA:14,1
DA:20,1
DA:26,1
LF:4
LH:4
BRDA:10,0,0,0
BRDA:11,1,0,0
BRDA:12,2,0,0
BRF:3
BRH:0
end_of_record
TN:
SF:src\components\ShareButton.tsx
FN:9,(anonymous_7)
FN:15,(anonymous_8)
FN:15,(anonymous_9)
FN:22,(anonymous_10)
FN:37,(anonymous_11)
FN:44,(anonymous_12)
FN:44,(anonymous_13)
FNF:7
FNH:0
FNDA:0,(anonymous_7)
FNDA:0,(anonymous_8)
FNDA:0,(anonymous_9)
FNDA:0,(anonymous_10)
FNDA:0,(anonymous_11)
FNDA:0,(anonymous_12)
FNDA:0,(anonymous_13)
DA:1,0
DA:2,0
DA:9,0
DA:10,0
DA:11,0
DA:12,0
DA:13,0
DA:15,0
DA:16,0
DA:17,0
DA:18,0
DA:19,0
DA:22,0
DA:23,0
DA:24,0
DA:28,0
DA:29,0
DA:30,0
DA:31,0
DA:32,0
DA:33,0
DA:35,0
DA:36,0
DA:37,0
DA:38,0
DA:39,0
DA:44,0
DA:45,0
DA:46,0
DA:47,0
DA:54,0
DA:58,0
DA:62,0
DA:85,0
LF:34
LH:0
BRDA:45,0,0,0
BRDA:45,0,1,0
BRDA:48,1,0,0
BRDA:48,1,1,0
BRDA:75,2,0,0
BRDA:75,2,1,0
BRF:6
BRH:0
end_of_record
TN:
SF:src\components\StarRating.tsx
FN:10,(anonymous_1)
FN:16,(anonymous_2)
FN:19,(anonymous_3)
FN:20,(anonymous_4)
FN:21,(anonymous_5)
FNF:5
FNH:0
FNDA:0,(anonymous_1)
FNDA:0,(anonymous_2)
FNDA:0,(anonymous_3)
FNDA:0,(anonymous_4)
FNDA:0,(anonymous_5)
DA:1,0
DA:2,0
DA:10,0
DA:11,0
DA:12,0
DA:14,0
DA:17,0
DA:19,0
DA:20,0
DA:21,0
DA:38,0
LF:11
LH:0
BRDA:22,0,0,0
BRDA:22,0,1,0
BRDA:22,1,0,0
BRDA:22,1,1,0
BRDA:22,1,2,0
BRDA:22,1,3,0
BRDA:23,2,0,0
BRDA:23,2,1,0
BRDA:23,3,0,0
BRDA:23,3,1,0
BRF:10
BRH:0
end_of_record
TN:
SF:src\components\SyncTimer.tsx
FN:10,(anonymous_0)
FN:16,(anonymous_1)
FN:24,(anonymous_2)
FN:27,(anonymous_3)
FN:30,(anonymous_4)
FN:42,(anonymous_5)
FN:45,(anonymous_6)
FN:77,(anonymous_7)
FNF:8
FNH:0
FNDA:0,(anonymous_0)
FNDA:0,(anonymous_1)
FNDA:0,(anonymous_2)
FNDA:0,(anonymous_3)
FNDA:0,(anonymous_4)
FNDA:0,(anonymous_5)
FNDA:0,(anonymous_6)
FNDA:0,(anonymous_7)
DA:1,0
DA:2,0
DA:3,0
DA:4,0
DA:10,0
DA:12,0
DA:13,0
DA:14,0
DA:16,0
DA:17,0
DA:24,0
DA:27,0
DA:28,0
DA:30,0
DA:31,0
DA:32,0
DA:33,0
DA:35,0
DA:36,0
DA:37,0
DA:38,0
DA:42,0
DA:45,0
DA:46,0
DA:47,0
DA:48,0
DA:51,0
DA:52,0
DA:54,0
DA:77,0
DA:87,0
LF:31
LH:0
BRDA:28,0,0,0
BRDA:28,0,1,0
BRDA:28,1,0,0
BRDA:28,1,1,0
BRDA:28,1,2,0
BRDA:35,2,0,0
BRDA:35,2,1,0
BRDA:56,3,0,0
BRDA:56,3,1,0
BRDA:75,4,0,0
BRDA:75,4,1,0
BRF:11
BRH:0
end_of_record
TN:
SF:src\components\UserContext.tsx
FN:12,(anonymous_0)
FN:15,(anonymous_1)
FN:25,(anonymous_2)
FNF:3
FNH:0
FNDA:0,(anonymous_0)
FNDA:0,(anonymous_1)
FNDA:0,(anonymous_2)
DA:1,0
DA:2,0
DA:10,0
DA:15,0
DA:16,0
DA:18,0
DA:25,0
LF:7
LH:0
BRF:0
BRH:0
end_of_record
TN:
SF:src\components\VariableTextArea.tsx
FN:12,VariableTextArea
FN:21,(anonymous_1)
FN:35,(anonymous_2)
FNF:3
FNH:0
FNDA:0,VariableTextArea
FNDA:0,(anonymous_1)
FNDA:0,(anonymous_2)
DA:1,0
DA:2,0
DA:12,0
DA:19,0
DA:21,0
DA:22,0
DA:23,0
DA:24,0
DA:25,0
DA:29,0
DA:35,0
LF:11
LH:0
BRDA:16,0,0,0
BRDA:23,1,0,0
BRDA:23,1,1,0
BRDA:38,2,0,0
BRDA:38,2,1,0
BRF:5
BRH:0
end_of_record
TN:
SF:src\hooks\firestoreUnsubscriber.ts
FN:7,(anonymous_0)
FN:16,(anonymous_1)
FN:17,(anonymous_2)
FN:30,(anonymous_3)
FN:38,(anonymous_4)
FN:39,(anonymous_5)
FN:49,(anonymous_6)
FN:64,(anonymous_7)
FN:65,(anonymous_8)
FN:91,(anonymous_9)
FN:98,(anonymous_10)
FNF:11
FNH:0
FNDA:0,(anonymous_0)
FNDA:0,(anonymous_1)
FNDA:0,(anonymous_2)
FNDA:0,(anonymous_3)
FNDA:0,(anonymous_4)
FNDA:0,(anonymous_5)
FNDA:0,(anonymous_6)
FNDA:0,(anonymous_7)
FNDA:0,(anonymous_8)
FNDA:0,(anonymous_9)
FNDA:0,(anonymous_10)
DA:1,0
DA:3,0
DA:5,0
DA:7,0
DA:11,0
DA:16,0
DA:17,0
DA:21,0
DA:22,0
DA:23,0
DA:27,0
DA:30,0
DA:34,0
DA:38,0
DA:39,0
DA:44,0
DA:46,0
DA:49,0
DA:60,0
DA:64,0
DA:65,0
DA:69,0
DA:70,0
DA:71,0
DA:72,0
DA:73,0
DA:74,0
DA:76,0
DA:79,0
DA:80,0
DA:81,0
DA:82,0
DA:83,0
DA:84,0
DA:88,0
DA:91,0
DA:97,0
DA:98,0
DA:99,0
DA:100,0
DA:102,0
DA:103,0
DA:105,0
DA:106,0
DA:107,0
DA:108,0
DA:110,0
DA:111,0
DA:115,0
DA:117,0
DA:118,0
DA:121,0
LF:52
LH:0
BRDA:21,0,0,0
BRDA:21,0,1,0
BRDA:42,1,0,0
BRDA:42,1,1,0
BRDA:42,2,0,0
BRDA:42,2,1,0
BRDA:69,3,0,0
BRDA:69,3,1,0
BRDA:71,4,0,0
BRDA:71,4,1,0
BRDA:71,5,0,0
BRDA:71,5,1,0
BRDA:72,6,0,0
BRDA:72,6,1,0
BRDA:73,7,0,0
BRDA:73,7,1,0
BRDA:100,8,0,0
BRDA:100,8,1,0
BRDA:105,9,0,0
BRDA:105,9,1,0
BRDA:105,10,0,0
BRDA:105,10,1,0
BRF:22
BRH:0
end_of_record
TN:
SF:src\hooks\global.ts
FN:5,usePersistentUser
FN:6,(anonymous_1)
FN:20,(anonymous_2)
FNF:3
FNH:0
FNDA:0,usePersistentUser
FNDA:0,(anonymous_1)
FNDA:0,(anonymous_2)
DA:1,0
DA:5,0
DA:6,0
DA:7,0
DA:8,0
DA:9,0
DA:10,0
DA:11,0
DA:13,0
DA:17,0
DA:20,0
DA:22,0
DA:25,0
LF:13
LH:0
BRDA:5,0,0,0
BRDA:7,1,0,0
BRDA:7,1,1,0
BRDA:9,2,0,0
BRDA:9,2,1,0
BRF:5
BRH:0
end_of_record
TN:
SF:src\hooks\useLoading.ts
FN:3,(anonymous_7)
FN:7,(anonymous_8)
FN:12,(anonymous_9)
FN:16,(anonymous_10)
FN:21,executeWithLoading
FNF:5
FNH:0
FNDA:0,(anonymous_7)
FNDA:0,(anonymous_8)
FNDA:0,(anonymous_9)
FNDA:0,(anonymous_10)
FNDA:0,executeWithLoading
DA:1,0
DA:3,0
DA:4,0
DA:5,0
DA:7,0
DA:8,0
DA:9,0
DA:12,0
DA:13,0
DA:16,0
DA:17,0
DA:18,0
DA:29,0
DA:30,0
DA:31,0
DA:32,0
DA:33,0
DA:36,0
DA:37,0
DA:38,0
DA:39,0
DA:41,0
DA:45,0
DA:51,0
LF:24
LH:0
BRDA:3,0,0,0
BRDA:32,1,0,0
BRDA:32,1,1,0
BRDA:32,2,0,0
BRDA:32,2,1,0
BRDA:32,3,0,0
BRDA:32,3,1,0
BRDA:32,4,0,0
BRDA:32,4,1,0
BRDA:36,5,0,0
BRDA:36,5,1,0
BRDA:38,6,0,0
BRDA:38,6,1,0
BRDA:38,7,0,0
BRDA:38,7,1,0
BRDA:38,8,0,0
BRDA:38,8,1,0
BRDA:38,9,0,0
BRDA:38,9,1,0
BRF:19
BRH:0
end_of_record
TN:
SF:src\hooks\useRefinementCreation.ts
FN:12,(anonymous_8)
FN:25,(anonymous_9)
FN:43,(anonymous_10)
FN:43,(anonymous_11)
FN:46,(anonymous_12)
FN:82,(anonymous_13)
FN:83,(anonymous_14)
FNF:7
FNH:0
FNDA:0,(anonymous_8)
FNDA:0,(anonymous_9)
FNDA:0,(anonymous_10)
FNDA:0,(anonymous_11)
FNDA:0,(anonymous_12)
FNDA:0,(anonymous_13)
FNDA:0,(anonymous_14)
DA:1,0
DA:2,0
DA:3,0
DA:4,0
DA:5,0
DA:9,0
DA:10,0
DA:12,0
DA:13,0
DA:14,0
DA:15,0
DA:17,0
DA:23,0
DA:25,0
DA:26,0
DA:28,0
DA:29,0
DA:32,0
DA:33,0
DA:36,0
DA:37,0
DA:40,0
DA:43,0
DA:44,0
DA:45,0
DA:46,0
DA:47,0
DA:50,0
DA:51,0
DA:52,0
DA:54,0
DA:55,0
DA:58,0
DA:59,0
DA:61,0
DA:68,0
DA:69,0
DA:71,0
DA:72,0
DA:74,0
DA:75,0
DA:77,0
DA:78,0
DA:82,0
DA:83,0
DA:89,0
LF:46
LH:0
BRDA:28,0,0,0
BRDA:28,0,1,0
BRDA:32,1,0,0
BRDA:32,1,1,0
BRDA:36,2,0,0
BRDA:36,2,1,0
BRDA:45,3,0,0
BRDA:45,3,1,0
BRDA:64,4,0,0
BRDA:64,4,1,0
BRF:10
BRH:0
end_of_record
TN:
SF:src\hooks\useRefinimentJoin.ts
FN:12,(anonymous_8)
FN:21,(anonymous_9)
FN:21,(anonymous_10)
FN:88,(anonymous_11)
FN:93,(anonymous_12)
FNF:5
FNH:0
FNDA:0,(anonymous_8)
FNDA:0,(anonymous_9)
FNDA:0,(anonymous_10)
FNDA:0,(anonymous_11)
FNDA:0,(anonymous_12)
DA:1,0
DA:2,0
DA:3,0
DA:8,0
DA:9,0
DA:10,0
DA:12,0
DA:13,0
DA:14,0
DA:16,0
DA:17,0
DA:18,0
DA:19,0
DA:21,0
DA:22,0
DA:23,0
DA:24,0
DA:27,0
DA:28,0
DA:29,0
DA:31,0
DA:33,0
DA:34,0
DA:36,0
DA:37,0
DA:38,0
DA:42,0
DA:43,0
DA:45,0
DA:46,0
DA:47,0
DA:50,0
DA:53,0
DA:54,0
DA:55,0
DA:58,0
DA:59,0
DA:60,0
DA:64,0
DA:65,0
DA:66,0
DA:68,0
DA:69,0
DA:70,0
DA:72,0
DA:73,0
DA:76,0
DA:78,0
DA:79,0
DA:80,0
DA:81,0
DA:83,0
DA:84,0
DA:88,0
DA:89,0
DA:90,0
DA:93,0
DA:94,0
DA:97,0
LF:59
LH:0
BRDA:22,0,0,0
BRDA:22,0,1,0
BRDA:36,1,0,0
BRDA:36,1,1,0
BRDA:45,2,0,0
BRDA:45,2,1,0
BRDA:53,3,0,0
BRDA:53,3,1,0
BRDA:53,4,0,0
BRDA:53,4,1,0
BRDA:58,5,0,0
BRDA:58,5,1,0
BRDA:58,6,0,0
BRDA:58,6,1,0
BRDA:68,7,0,0
BRDA:68,7,1,0
BRDA:78,8,0,0
BRDA:78,8,1,0
BRF:18
BRH:0
end_of_record
TN:
SF:src\scenes\BoardScene.tsx
FN:19,(anonymous_8)
FN:34,(anonymous_9)
FN:40,(anonymous_10)
FN:40,(anonymous_11)
FN:52,(anonymous_12)
FN:66,(anonymous_13)
FN:72,(anonymous_14)
FN:79,(anonymous_15)
FN:79,(anonymous_16)
FN:84,(anonymous_17)
FN:90,(anonymous_18)
FN:90,(anonymous_19)
FN:110,(anonymous_20)
FN:147,(anonymous_21)
FN:250,(anonymous_22)
FN:268,(anonymous_23)
FN:273,(anonymous_24)
FN:276,(anonymous_25)
FN:276,(anonymous_26)
FN:279,(anonymous_27)
FN:279,(anonymous_28)
FN:282,(anonymous_29)
FN:282,(anonymous_30)
FNF:23
FNH:0
FNDA:0,(anonymous_8)
FNDA:0,(anonymous_9)
FNDA:0,(anonymous_10)
FNDA:0,(anonymous_11)
FNDA:0,(anonymous_12)
FNDA:0,(anonymous_13)
FNDA:0,(anonymous_14)
FNDA:0,(anonymous_15)
FNDA:0,(anonymous_16)
FNDA:0,(anonymous_17)
FNDA:0,(anonymous_18)
FNDA:0,(anonymous_19)
FNDA:0,(anonymous_20)
FNDA:0,(anonymous_21)
FNDA:0,(anonymous_22)
FNDA:0,(anonymous_23)
FNDA:0,(anonymous_24)
FNDA:0,(anonymous_25)
FNDA:0,(anonymous_26)
FNDA:0,(anonymous_27)
FNDA:0,(anonymous_28)
FNDA:0,(anonymous_29)
FNDA:0,(anonymous_30)
DA:1,0
DA:2,0
DA:3,0
DA:4,0
DA:5,0
DA:6,0
DA:7,0
DA:8,0
DA:10,0
DA:11,0
DA:12,0
DA:13,0
DA:14,0
DA:15,0
DA:16,0
DA:17,0
DA:19,0
DA:20,0
DA:21,0
DA:22,0
DA:23,0
DA:24,0
DA:25,0
DA:26,0
DA:27,0
DA:28,0
DA:29,0
DA:30,0
DA:31,0
DA:32,0
DA:34,0
DA:35,0
DA:40,0
DA:41,0
DA:42,0
DA:44,0
DA:45,0
DA:46,0
DA:47,0
DA:48,0
DA:51,0
DA:52,0
DA:53,0
DA:54,0
DA:57,0
DA:58,0
DA:60,0
DA:64,0
DA:66,0
DA:67,0
DA:68,0
DA:72,0
DA:73,0
DA:74,0
DA:75,0
DA:79,0
DA:80,0
DA:82,0
DA:84,0
DA:86,0
DA:87,0
DA:90,0
DA:91,0
DA:93,0
DA:95,0
DA:96,0
DA:104,0
DA:106,0
DA:110,0
DA:111,0
DA:114,0
DA:115,0
DA:125,0
DA:126,0
DA:141,0
DA:142,0
DA:143,0
DA:146,0
DA:147,0
DA:149,0
DA:251,0
DA:269,0
DA:274,0
DA:276,0
DA:277,0
DA:279,0
DA:280,0
DA:282,0
DA:283,0
DA:295,0
LF:90
LH:0
BRDA:35,0,0,0
BRDA:35,0,1,0
BRDA:46,1,0,0
BRDA:46,1,1,0
BRDA:48,2,0,0
BRDA:48,2,1,0
BRDA:67,3,0,0
BRDA:67,3,1,0
BRDA:68,4,0,0
BRDA:68,4,1,0
BRDA:73,5,0,0
BRDA:73,5,1,0
BRDA:73,6,0,0
BRDA:73,6,1,0
BRDA:74,7,0,0
BRDA:74,7,1,0
BRDA:75,8,0,0
BRDA:75,8,1,0
BRDA:80,9,0,0
BRDA:80,9,1,0
BRDA:80,10,0,0
BRDA:80,10,1,0
BRDA:91,11,0,0
BRDA:91,11,1,0
BRDA:91,12,0,0
BRDA:91,12,1,0
BRDA:114,13,0,0
BRDA:114,13,1,0
BRDA:125,14,0,0
BRDA:125,14,1,0
BRDA:125,15,0,0
BRDA:125,15,1,0
BRDA:141,16,0,0
BRDA:141,16,1,0
BRDA:159,17,0,0
BRDA:159,17,1,0
BRDA:172,18,0,0
BRDA:172,18,1,0
BRDA:172,18,2,0
BRDA:192,19,0,0
BRDA:192,19,1,0
BRDA:196,20,0,0
BRDA:196,20,1,0
BRDA:239,21,0,0
BRDA:239,21,1,0
BRDA:248,22,0,0
BRDA:248,22,1,0
BRDA:254,23,0,0
BRDA:254,23,1,0
BRF:49
BRH:0
end_of_record
TN:
SF:src\scenes\HomeScene.tsx
FN:6,(anonymous_1)
FN:10,(anonymous_2)
FN:14,(anonymous_3)
FN:18,(anonymous_4)
FNF:4
FNH:0
FNDA:0,(anonymous_1)
FNDA:0,(anonymous_2)
FNDA:0,(anonymous_3)
FNDA:0,(anonymous_4)
DA:1,0
DA:2,0
DA:3,0
DA:4,0
DA:6,0
DA:7,0
DA:8,0
DA:10,0
DA:11,0
DA:14,0
DA:15,0
DA:18,0
DA:19,0
DA:20,0
DA:25,0
DA:83,0
LF:16
LH:0
BRDA:19,0,0,0
BRDA:19,0,1,0
BRF:2
BRH:0
end_of_record
TN:
SF:src\scenes\NameEntryScene.tsx
FN:6,(anonymous_0)
FN:11,(anonymous_1)
FN:60,(anonymous_2)
FN:63,(anonymous_3)
FNF:4
FNH:0
FNDA:0,(anonymous_0)
FNDA:0,(anonymous_1)
FNDA:0,(anonymous_2)
FNDA:0,(anonymous_3)
DA:1,0
DA:2,0
DA:3,0
DA:4,0
DA:6,0
DA:7,0
DA:8,0
DA:9,0
DA:11,0
DA:12,0
DA:13,0
DA:14,0
DA:15,0
DA:19,0
DA:60,0
DA:63,0
DA:92,0
LF:17
LH:0
BRDA:13,0,0,0
BRDA:13,0,1,0
BRDA:63,1,0,0
BRDA:63,1,1,0
BRDA:71,2,0,0
BRDA:71,2,1,0
BRF:6
BRH:0
end_of_record
TN:
SF:src\scenes\CreationScene\CreationScene.tsx
FN:6,(anonymous_7)
FN:20,(anonymous_8)
FN:24,(anonymous_9)
FN:35,(anonymous_10)
FN:39,(anonymous_11)
FN:46,(anonymous_12)
FN:53,(anonymous_13)
FN:70,(anonymous_14)
FN:70,(anonymous_15)
FN:120,(anonymous_16)
FN:140,(anonymous_17)
FN:185,(anonymous_18)
FN:224,(anonymous_19)
FNF:13
FNH:9
FNDA:16,(anonymous_7)
FNDA:1,(anonymous_8)
FNDA:1,(anonymous_9)
FNDA:0,(anonymous_10)
FNDA:0,(anonymous_11)
FNDA:5,(anonymous_12)
FNDA:1,(anonymous_13)
FNDA:1,(anonymous_14)
FNDA:1,(anonymous_15)
FNDA:4,(anonymous_16)
FNDA:0,(anonymous_17)
FNDA:0,(anonymous_18)
FNDA:5,(anonymous_19)
DA:1,1
DA:2,1
DA:3,1
DA:4,1
DA:6,1
DA:12,16
DA:14,16
DA:15,16
DA:16,16
DA:18,16
DA:20,16
DA:21,1
DA:24,16
DA:25,1
DA:26,1
DA:28,1
DA:29,0
DA:30,0
DA:31,0
DA:35,16
DA:36,0
DA:39,16
DA:40,0
DA:41,0
DA:42,0
DA:46,16
DA:47,5
DA:48,5
DA:49,0
DA:53,16
DA:54,1
DA:56,1
DA:57,0
DA:58,0
DA:61,1
DA:62,1
DA:63,1
DA:66,0
DA:67,0
DA:70,16
DA:71,1
DA:72,1
DA:75,0
DA:78,16
DA:81,16
DA:120,4
DA:140,0
DA:185,0
DA:224,5
DA:295,1
LF:50
LH:35
BRDA:28,0,0,0
BRDA:28,0,1,1
BRDA:41,1,0,0
BRDA:41,1,1,0
BRDA:48,2,0,0
BRDA:48,2,1,5
BRDA:54,3,0,0
BRDA:54,3,1,1
BRDA:56,4,0,0
BRDA:56,4,1,1
BRDA:61,5,0,1
BRDA:61,5,1,0
BRDA:71,6,0,1
BRDA:71,6,1,0
BRDA:78,7,0,16
BRDA:78,7,1,10
BRDA:78,7,2,8
BRDA:78,7,3,8
BRDA:161,8,0,9
BRDA:161,8,1,7
BRDA:165,9,0,9
BRDA:165,9,1,7
BRDA:171,10,0,16
BRDA:171,10,1,9
BRDA:181,11,0,0
BRDA:181,11,1,9
BRDA:195,12,0,0
BRDA:195,12,1,9
BRDA:220,13,0,0
BRDA:220,13,1,9
BRDA:234,14,0,0
BRDA:234,14,1,9
BRDA:249,15,0,9
BRDA:249,15,1,1
BRDA:275,16,0,16
BRDA:275,16,1,8
BRDA:275,16,2,7
BRDA:275,16,3,6
BRF:38
BRH:26
end_of_record
TN:
SF:src\scenes\JoinScene\JoinScene.tsx
FN:7,(anonymous_7)
FN:24,(anonymous_8)
FN:24,(anonymous_9)
FN:36,(anonymous_10)
FN:46,(anonymous_11)
FN:51,(anonymous_12)
FN:56,(anonymous_13)
FN:61,(anonymous_14)
FN:122,(anonymous_15)
FN:139,(anonymous_16)
FN:200,(anonymous_17)
FN:203,(anonymous_18)
FNF:12
FNH:12
FNDA:70,(anonymous_7)
FNDA:7,(anonymous_8)
FNDA:7,(anonymous_9)
FNDA:2,(anonymous_10)
FNDA:1,(anonymous_11)
FNDA:15,(anonymous_12)
FNDA:31,(anonymous_13)
FNDA:48,(anonymous_14)
FNDA:15,(anonymous_15)
FNDA:31,(anonymous_16)
FNDA:90,(anonymous_17)
FNDA:1,(anonymous_18)
DA:1,1
DA:2,1
DA:3,1
DA:4,1
DA:5,1
DA:7,1
DA:8,70
DA:9,70
DA:10,70
DA:20,70
DA:22,70
DA:24,70
DA:25,7
DA:26,7
DA:28,7
DA:29,5
DA:30,2
DA:32,2
DA:36,70
DA:37,2
DA:39,1
DA:40,1
DA:42,1
DA:46,70
DA:47,1
DA:48,1
DA:51,70
DA:52,15
DA:53,15
DA:56,70
DA:57,31
DA:58,31
DA:61,70
DA:62,48
DA:63,2
DA:67,70
DA:122,15
DA:139,31
DA:201,90
DA:203,1
DA:230,1
LF:41
LH:41
BRDA:9,0,0,70
BRDA:9,0,1,53
BRDA:25,1,0,2
BRDA:25,1,1,5
BRDA:28,2,0,5
BRDA:28,2,1,2
BRDA:28,3,0,0
BRDA:28,3,1,7
BRDA:28,4,0,7
BRDA:28,4,1,7
BRDA:30,5,0,2
BRDA:30,5,1,0
BRDA:30,6,0,0
BRDA:30,6,1,2
BRDA:30,7,0,2
BRDA:30,7,1,2
BRDA:37,8,0,1
BRDA:37,8,1,1
BRDA:62,9,0,2
BRDA:62,9,1,46
BRDA:73,10,0,39
BRDA:73,10,1,31
BRDA:76,11,0,39
BRDA:76,11,1,31
BRDA:77,12,0,27
BRDA:77,12,1,12
BRDA:77,13,0,39
BRDA:77,13,1,12
BRDA:86,14,0,39
BRDA:86,14,1,31
BRDA:87,15,0,39
BRDA:87,15,1,31
BRDA:98,16,0,39
BRDA:98,16,1,31
BRDA:101,17,0,39
BRDA:101,17,1,31
BRDA:110,18,0,31
BRDA:110,18,1,39
BRDA:147,19,0,70
BRDA:147,19,1,1
BRDA:159,20,0,70
BRDA:159,20,1,2
BRDA:163,21,0,1
BRDA:163,21,1,1
BRDA:176,22,0,39
BRDA:176,22,1,31
BRDA:181,23,0,70
BRDA:181,23,1,33
BRDA:181,23,2,11
BRDA:181,23,3,32
BRDA:186,24,0,39
BRDA:186,24,1,31
BRDA:187,25,0,39
BRDA:187,25,1,31
BRDA:189,26,0,39
BRDA:189,26,1,31
BRDA:196,27,0,70
BRDA:196,27,1,31
BRDA:196,27,2,30
BRDA:219,28,0,70
BRDA:219,28,1,2
BRF:61
BRH:58
end_of_record
TN:
SF:src\scenes\LeaderboardScene\LeaderboardScene.tsx
FN:12,(anonymous_8)
FN:25,(anonymous_9)
FN:30,(anonymous_10)
FN:30,(anonymous_11)
FN:50,(anonymous_12)
FN:59,(anonymous_13)
FN:60,(anonymous_14)
FN:64,(anonymous_15)
FN:68,(anonymous_16)
FN:69,(anonymous_17)
FN:71,(anonymous_18)
FN:73,(anonymous_19)
FN:81,(anonymous_20)
FN:84,(anonymous_21)
FN:129,(anonymous_22)
FN:138,(anonymous_23)
FN:151,(anonymous_24)
FN:160,(anonymous_25)
FN:193,(anonymous_26)
FNF:19
FNH:0
FNDA:0,(anonymous_8)
FNDA:0,(anonymous_9)
FNDA:0,(anonymous_10)
FNDA:0,(anonymous_11)
FNDA:0,(anonymous_12)
FNDA:0,(anonymous_13)
FNDA:0,(anonymous_14)
FNDA:0,(anonymous_15)
FNDA:0,(anonymous_16)
FNDA:0,(anonymous_17)
FNDA:0,(anonymous_18)
FNDA:0,(anonymous_19)
FNDA:0,(anonymous_20)
FNDA:0,(anonymous_21)
FNDA:0,(anonymous_22)
FNDA:0,(anonymous_23)
FNDA:0,(anonymous_24)
FNDA:0,(anonymous_25)
FNDA:0,(anonymous_26)
DA:1,0
DA:3,0
DA:4,0
DA:6,0
DA:7,0
DA:8,0
DA:9,0
DA:10,0
DA:12,0
DA:13,0
DA:14,0
DA:15,0
DA:16,0
DA:17,0
DA:18,0
DA:19,0
DA:20,0
DA:21,0
DA:22,0
DA:23,0
DA:25,0
DA:26,0
DA:27,0
DA:30,0
DA:31,0
DA:32,0
DA:33,0
DA:39,0
DA:40,0
DA:41,0
DA:42,0
DA:44,0
DA:46,0
DA:50,0
DA:51,0
DA:52,0
DA:53,0
DA:56,0
DA:57,0
DA:59,0
DA:60,0
DA:61,0
DA:64,0
DA:66,0
DA:68,0
DA:69,0
DA:71,0
DA:73,0
DA:78,0
DA:81,0
DA:84,0
DA:85,0
DA:86,0
DA:87,0
DA:88,0
DA:89,0
DA:90,0
DA:94,0
DA:95,0
DA:105,0
DA:129,0
DA:138,0
DA:151,0
DA:160,0
DA:193,0
DA:215,0
LF:66
LH:0
BRDA:26,0,0,0
BRDA:26,0,1,0
BRDA:51,1,0,0
BRDA:51,1,1,0
BRDA:51,2,0,0
BRDA:51,2,1,0
BRDA:56,3,0,0
BRDA:56,3,1,0
BRDA:61,4,0,0
BRDA:61,4,1,0
BRDA:72,5,0,0
BRDA:72,5,1,0
BRDA:85,6,0,0
BRDA:85,6,1,0
BRDA:85,6,2,0
BRDA:85,6,3,0
BRDA:85,6,4,0
BRDA:94,7,0,0
BRDA:94,7,1,0
BRDA:117,8,0,0
BRDA:117,8,1,0
BRDA:117,9,0,0
BRDA:117,9,1,0
BRDA:117,10,0,0
BRDA:117,10,1,0
BRDA:119,11,0,0
BRDA:119,11,1,0
BRDA:119,12,0,0
BRDA:119,12,1,0
BRDA:119,13,0,0
BRDA:119,13,1,0
BRDA:129,14,0,0
BRDA:129,14,1,0
BRDA:138,15,0,0
BRDA:138,15,1,0
BRDA:152,16,0,0
BRDA:152,16,1,0
BRDA:161,17,0,0
BRDA:161,17,1,0
BRDA:170,18,0,0
BRDA:170,18,1,0
BRDA:170,18,2,0
BRDA:181,19,0,0
BRDA:181,19,1,0
BRDA:193,20,0,0
BRDA:193,20,1,0
BRDA:203,21,0,0
BRDA:203,21,1,0
BRDA:203,21,2,0
BRF:49
BRH:0
end_of_record
TN:
SF:src\scenes\LeaderboardScene\components\ContributionsModal.tsx
FN:13,(anonymous_0)
FN:20,(anonymous_1)
FN:36,(anonymous_2)
FN:78,(anonymous_3)
FN:112,(anonymous_4)
FNF:5
FNH:0
FNDA:0,(anonymous_0)
FNDA:0,(anonymous_1)
FNDA:0,(anonymous_2)
FNDA:0,(anonymous_3)
FNDA:0,(anonymous_4)
DA:1,0
DA:13,0
DA:20,0
DA:21,0
DA:22,0
DA:24,0
DA:36,0
DA:79,0
DA:113,0
DA:155,0
LF:10
LH:0
BRDA:35,0,0,0
BRDA:35,0,1,0
BRDA:35,1,0,0
BRDA:35,1,1,0
BRDA:35,2,0,0
BRDA:35,2,1,0
BRDA:35,3,0,0
BRDA:35,3,1,0
BRDA:35,4,0,0
BRDA:35,4,1,0
BRDA:76,5,0,0
BRDA:76,5,1,0
BRDA:88,6,0,0
BRDA:88,6,1,0
BRDA:90,7,0,0
BRDA:90,7,1,0
BRDA:90,7,2,0
BRDA:110,8,0,0
BRDA:110,8,1,0
BRF:19
BRH:0
end_of_record
TN:
SF:src\scenes\LeaderboardScene\components\MembersLeaderboard.tsx
FN:17,(anonymous_0)
FN:33,(anonymous_1)
FN:42,(anonymous_2)
FN:51,(anonymous_3)
FN:60,(anonymous_4)
FN:98,(anonymous_5)
FN:102,(anonymous_6)
FNF:7
FNH:0
FNDA:0,(anonymous_0)
FNDA:0,(anonymous_1)
FNDA:0,(anonymous_2)
FNDA:0,(anonymous_3)
FNDA:0,(anonymous_4)
FNDA:0,(anonymous_5)
FNDA:0,(anonymous_6)
DA:1,0
DA:17,0
DA:28,0
DA:33,0
DA:42,0
DA:51,0
DA:60,0
DA:98,0
DA:102,0
DA:175,0
LF:10
LH:0
BRDA:34,0,0,0
BRDA:34,0,1,0
BRDA:43,1,0,0
BRDA:43,1,1,0
BRDA:52,2,0,0
BRDA:52,2,1,0
BRDA:61,3,0,0
BRDA:61,3,1,0
BRDA:106,4,0,0
BRDA:106,4,1,0
BRDA:107,5,0,0
BRDA:107,5,1,0
BRDA:108,6,0,0
BRDA:108,6,1,0
BRDA:112,7,0,0
BRDA:112,7,1,0
BRDA:114,8,0,0
BRDA:114,8,1,0
BRDA:114,9,0,0
BRDA:114,9,1,0
BRDA:126,10,0,0
BRDA:126,10,1,0
BRDA:126,11,0,0
BRDA:126,11,1,0
BRDA:126,12,0,0
BRDA:126,12,1,0
BRDA:126,13,0,0
BRDA:126,13,1,0
BRDA:126,14,0,0
BRDA:126,14,1,0
BRDA:158,15,0,0
BRDA:158,15,1,0
BRF:32
BRH:0
end_of_record
TN:
SF:src\scenes\LeaderboardScene\components\TeamLeaderboard.tsx
FN:16,(anonymous_0)
FN:23,(anonymous_1)
FN:27,(anonymous_2)
FN:90,(anonymous_3)
FN:94,(anonymous_4)
FNF:5
FNH:0
FNDA:0,(anonymous_0)
FNDA:0,(anonymous_1)
FNDA:0,(anonymous_2)
FNDA:0,(anonymous_3)
FNDA:0,(anonymous_4)
DA:1,0
DA:16,0
DA:19,0
DA:24,0
DA:27,0
DA:91,0
DA:94,0
DA:134,0
LF:8
LH:0
BRDA:21,0,0,0
BRDA:21,0,1,0
BRDA:30,1,0,0
BRDA:30,1,1,0
BRDA:31,2,0,0
BRDA:31,2,1,0
BRDA:32,3,0,0
BRDA:32,3,1,0
BRDA:37,4,0,0
BRDA:37,4,1,0
BRDA:39,5,0,0
BRDA:39,5,1,0
BRDA:39,6,0,0
BRDA:39,6,1,0
BRDA:44,7,0,0
BRDA:44,7,1,0
BRDA:75,8,0,0
BRDA:75,8,1,0
BRDA:75,8,2,0
BRF:19
BRH:0
end_of_record
TN:
SF:src\scenes\TeamSelectionScene\TeamSelectionScene.tsx
FN:14,(anonymous_8)
FN:28,(anonymous_9)
FN:42,(anonymous_10)
FN:47,(anonymous_11)
FN:51,(anonymous_12)
FN:51,(anonymous_13)
FN:68,(anonymous_14)
FN:72,(anonymous_15)
FN:154,(anonymous_16)
FN:172,(anonymous_17)
FN:205,(anonymous_18)
FN:250,(anonymous_19)
FNF:12
FNH:9
FNDA:37,(anonymous_8)
FNDA:9,(anonymous_9)
FNDA:9,(anonymous_10)
FNDA:17,(anonymous_11)
FNDA:2,(anonymous_12)
FNDA:2,(anonymous_13)
FNDA:2,(anonymous_14)
FNDA:0,(anonymous_15)
FNDA:0,(anonymous_16)
FNDA:0,(anonymous_17)
FNDA:22,(anonymous_18)
FNDA:1,(anonymous_19)
DA:1,1
DA:2,1
DA:3,1
DA:4,1
DA:6,1
DA:7,1
DA:8,1
DA:9,1
DA:10,1
DA:11,1
DA:12,1
DA:14,1
DA:15,37
DA:16,37
DA:17,37
DA:18,37
DA:19,37
DA:20,37
DA:21,37
DA:22,37
DA:23,37
DA:24,37
DA:25,37
DA:26,37
DA:28,37
DA:29,9
DA:30,9
DA:42,9
DA:43,9
DA:47,37
DA:48,17
DA:51,37
DA:52,2
DA:54,2
DA:55,2
DA:56,1
DA:58,1
DA:61,2
DA:62,2
DA:64,0
DA:68,37
DA:69,2
DA:72,37
DA:73,0
DA:76,37
DA:77,17
DA:87,20
DA:154,0
DA:173,0
DA:206,22
DA:250,1
DA:286,1
LF:52
LH:48
BRDA:29,0,0,0
BRDA:29,0,1,9
BRDA:48,1,0,8
BRDA:48,1,1,9
BRDA:52,2,0,0
BRDA:52,2,1,2
BRDA:52,3,0,2
BRDA:52,3,1,2
BRDA:55,4,0,1
BRDA:55,4,1,1
BRDA:76,5,0,17
BRDA:76,5,1,20
BRDA:76,6,0,37
BRDA:76,6,1,37
BRDA:113,7,0,14
BRDA:113,7,1,6
BRDA:131,8,0,20
BRDA:131,8,1,20
BRDA:147,9,0,14
BRDA:147,9,1,6
BRDA:168,10,0,20
BRDA:168,10,1,14
BRDA:171,11,0,14
BRDA:171,11,1,0
BRDA:181,12,0,0
BRDA:181,12,1,20
BRDA:181,13,0,20
BRDA:181,13,1,0
BRDA:186,14,0,0
BRDA:186,14,1,0
BRDA:191,15,0,20
BRDA:191,15,1,0
BRDA:193,16,0,20
BRDA:193,16,1,0
BRDA:193,17,0,0
BRDA:193,17,1,20
BRDA:193,18,0,20
BRDA:193,18,1,20
BRDA:208,19,0,16
BRDA:208,19,1,6
BRDA:210,20,0,6
BRDA:210,20,1,0
BRDA:216,21,0,16
BRDA:216,21,1,6
BRDA:218,22,0,6
BRDA:218,22,1,0
BRDA:224,23,0,22
BRDA:224,23,1,16
BRDA:229,24,0,22
BRDA:229,24,1,20
BRDA:236,25,0,22
BRDA:236,25,1,22
BRDA:236,25,2,1
BRDA:248,26,0,20
BRDA:248,26,1,14
BRDA:252,27,0,0
BRDA:252,27,1,14
BRDA:267,28,0,14
BRDA:267,28,1,6
BRF:59
BRH:46
end_of_record
TN:
SF:src\scenes\TeamSelectionScene\components\OwnerTeamAssignment.tsx
FN:14,(anonymous_7)
FN:20,(anonymous_8)
FN:20,(anonymous_9)
FN:33,(anonymous_10)
FN:39,(anonymous_11)
FN:44,(anonymous_12)
FN:50,(anonymous_13)
FNF:7
FNH:0
FNDA:0,(anonymous_7)
FNDA:0,(anonymous_8)
FNDA:0,(anonymous_9)
FNDA:0,(anonymous_10)
FNDA:0,(anonymous_11)
FNDA:0,(anonymous_12)
FNDA:0,(anonymous_13)
DA:2,0
DA:4,0
DA:14,0
DA:20,0
DA:21,0
DA:26,0
DA:34,0
DA:40,0
DA:45,0
DA:50,0
DA:63,0
LF:11
LH:0
BRF:0
BRH:0
end_of_record
TN:
SF:src\scenes\TeamSelectionScene\components\SelectionMethodChooser.tsx
FN:11,(anonymous_0)
FN:25,(anonymous_1)
FN:35,(anonymous_2)
FN:46,(anonymous_3)
FNF:4
FNH:0
FNDA:0,(anonymous_0)
FNDA:0,(anonymous_1)
FNDA:0,(anonymous_2)
FNDA:0,(anonymous_3)
DA:11,0
DA:16,0
DA:25,0
DA:35,0
DA:46,0
DA:57,0
LF:6
LH:0
BRDA:41,0,0,0
BRDA:41,0,1,0
BRF:2
BRH:0
end_of_record
TN:
SF:src\scenes\TeamSelectionScene\components\TeamSelection.tsx
FN:14,(anonymous_7)
FN:25,(anonymous_8)
FN:28,(anonymous_9)
FN:32,(anonymous_10)
FN:36,(anonymous_11)
FN:45,(anonymous_12)
FN:45,(anonymous_13)
FN:54,(anonymous_14)
FN:74,(anonymous_15)
FN:77,(anonymous_16)
FNF:10
FNH:0
FNDA:0,(anonymous_7)
FNDA:0,(anonymous_8)
FNDA:0,(anonymous_9)
FNDA:0,(anonymous_10)
FNDA:0,(anonymous_11)
FNDA:0,(anonymous_12)
FNDA:0,(anonymous_13)
FNDA:0,(anonymous_14)
FNDA:0,(anonymous_15)
FNDA:0,(anonymous_16)
DA:1,0
DA:2,0
DA:3,0
DA:5,0
DA:14,0
DA:20,0
DA:21,0
DA:22,0
DA:25,0
DA:26,0
DA:28,0
DA:29,0
DA:32,0
DA:36,0
DA:37,0
DA:38,0
DA:41,0
DA:45,0
DA:46,0
DA:48,0
DA:51,0
DA:54,0
DA:55,0
DA:56,0
DA:60,0
DA:61,0
DA:68,0
DA:75,0
DA:77,0
DA:99,0
LF:30
LH:0
BRDA:21,0,0,0
BRDA:21,0,1,0
BRDA:26,1,0,0
BRDA:26,1,1,0
BRDA:29,2,0,0
BRDA:29,2,1,0
BRDA:29,3,0,0
BRDA:29,3,1,0
BRDA:29,4,0,0
BRDA:29,4,1,0
BRDA:37,5,0,0
BRDA:37,5,1,0
BRDA:37,6,0,0
BRDA:37,6,1,0
BRDA:37,6,2,0
BRDA:46,7,0,0
BRDA:46,7,1,0
BRDA:46,8,0,0
BRDA:46,8,1,0
BRDA:55,9,0,0
BRDA:55,9,1,0
BRDA:60,10,0,0
BRDA:60,10,1,0
BRDA:60,11,0,0
BRDA:60,11,1,0
BRDA:70,12,0,0
BRDA:70,12,1,0
BRDA:78,13,0,0
BRDA:78,13,1,0
BRDA:90,14,0,0
BRDA:90,14,1,0
BRF:31
BRH:0
end_of_record
TN:
SF:src\services\boardServices.ts
FN:1,(anonymous_0)
FNF:1
FNH:0
FNDA:0,(anonymous_0)
DA:1,0
DA:5,0
DA:6,0
DA:7,0
DA:8,0
DA:9,0
LF:6
LH:0
BRDA:6,0,0,0
BRDA:6,0,1,0
BRDA:6,1,0,0
BRDA:6,1,1,0
BRF:4
BRH:0
end_of_record
TN:
SF:src\services\firestoreServices.ts
FN:35,(anonymous_8)
FN:39,(anonymous_9)
FN:81,(anonymous_10)
FN:84,(anonymous_11)
FN:96,(anonymous_12)
FN:98,(anonymous_13)
FN:121,(anonymous_14)
FN:124,(anonymous_15)
FN:130,(anonymous_16)
FN:159,(anonymous_17)
FN:162,(anonymous_18)
FN:170,(anonymous_19)
FN:186,(anonymous_20)
FN:186,(anonymous_21)
FN:198,(anonymous_22)
FN:204,(anonymous_23)
FN:226,(anonymous_24)
FN:230,(anonymous_25)
FN:240,(anonymous_26)
FN:243,(anonymous_27)
FN:256,(anonymous_28)
FN:258,(anonymous_29)
FN:267,(anonymous_30)
FN:282,(anonymous_31)
FN:286,(anonymous_32)
FN:306,(anonymous_33)
FN:310,(anonymous_34)
FN:318,(anonymous_35)
FN:339,(anonymous_36)
FN:342,(anonymous_37)
FN:350,(anonymous_38)
FN:356,(anonymous_39)
FN:366,(anonymous_40)
FN:371,(anonymous_41)
FN:381,(anonymous_42)
FN:400,(anonymous_43)
FN:403,(anonymous_44)
FN:404,(anonymous_45)
FN:404,(anonymous_46)
FN:414,(anonymous_47)
FN:418,(anonymous_48)
FN:435,(anonymous_49)
FN:437,(anonymous_50)
FN:447,(anonymous_51)
FN:451,(anonymous_52)
FN:503,(anonymous_53)
FN:518,(anonymous_54)
FN:526,(anonymous_55)
FN:526,(anonymous_56)
FN:537,(anonymous_57)
FN:537,(anonymous_58)
FNF:51
FNH:0
FNDA:0,(anonymous_8)
FNDA:0,(anonymous_9)
FNDA:0,(anonymous_10)
FNDA:0,(anonymous_11)
FNDA:0,(anonymous_12)
FNDA:0,(anonymous_13)
FNDA:0,(anonymous_14)
FNDA:0,(anonymous_15)
FNDA:0,(anonymous_16)
FNDA:0,(anonymous_17)
FNDA:0,(anonymous_18)
FNDA:0,(anonymous_19)
FNDA:0,(anonymous_20)
FNDA:0,(anonymous_21)
FNDA:0,(anonymous_22)
FNDA:0,(anonymous_23)
FNDA:0,(anonymous_24)
FNDA:0,(anonymous_25)
FNDA:0,(anonymous_26)
FNDA:0,(anonymous_27)
FNDA:0,(anonymous_28)
FNDA:0,(anonymous_29)
FNDA:0,(anonymous_30)
FNDA:0,(anonymous_31)
FNDA:0,(anonymous_32)
FNDA:0,(anonymous_33)
FNDA:0,(anonymous_34)
FNDA:0,(anonymous_35)
FNDA:0,(anonymous_36)
FNDA:0,(anonymous_37)
FNDA:0,(anonymous_38)
FNDA:0,(anonymous_39)
FNDA:0,(anonymous_40)
FNDA:0,(anonymous_41)
FNDA:0,(anonymous_42)
FNDA:0,(anonymous_43)
FNDA:0,(anonymous_44)
FNDA:0,(anonymous_45)
FNDA:0,(anonymous_46)
FNDA:0,(anonymous_47)
FNDA:0,(anonymous_48)
FNDA:0,(anonymous_49)
FNDA:0,(anonymous_50)
FNDA:0,(anonymous_51)
FNDA:0,(anonymous_52)
FNDA:0,(anonymous_53)
FNDA:0,(anonymous_54)
FNDA:0,(anonymous_55)
FNDA:0,(anonymous_56)
FNDA:0,(anonymous_57)
FNDA:0,(anonymous_58)
DA:1,0
DA:16,0
DA:19,0
DA:20,0
DA:29,0
DA:30,0
DA:31,0
DA:33,0
DA:35,0
DA:39,0
DA:40,0
DA:41,0
DA:42,0
DA:45,0
DA:46,0
DA:49,0
DA:65,0
DA:66,0
DA:68,0
DA:69,0
DA:71,0
DA:72,0
DA:73,0
DA:75,0
DA:81,0
DA:84,0
DA:85,0
DA:86,0
DA:87,0
DA:88,0
DA:89,0
DA:90,0
DA:92,0
DA:96,0
DA:98,0
DA:99,0
DA:100,0
DA:103,0
DA:104,0
DA:105,0
DA:106,0
DA:111,0
DA:112,0
DA:114,0
DA:116,0
DA:117,0
DA:121,0
DA:124,0
DA:125,0
DA:126,0
DA:127,0
DA:128,0
DA:129,0
DA:130,0
DA:131,0
DA:132,0
DA:133,0
DA:134,0
DA:135,0
DA:137,0
DA:138,0
DA:141,0
DA:142,0
DA:146,0
DA:147,0
DA:149,0
DA:150,0
DA:153,0
DA:154,0
DA:159,0
DA:162,0
DA:163,0
DA:164,0
DA:165,0
DA:167,0
DA:168,0
DA:169,0
DA:170,0
DA:173,0
DA:177,0
DA:180,0
DA:181,0
DA:186,0
DA:187,0
DA:188,0
DA:189,0
DA:190,0
DA:192,0
DA:193,0
DA:198,0
DA:204,0
DA:205,0
DA:206,0
DA:207,0
DA:208,0
DA:218,0
DA:220,0
DA:221,0
DA:226,0
DA:230,0
DA:231,0
DA:233,0
DA:234,0
DA:240,0
DA:243,0
DA:244,0
DA:245,0
DA:246,0
DA:251,0
DA:252,0
DA:256,0
DA:258,0
DA:259,0
DA:260,0
DA:264,0
DA:266,0
DA:267,0
DA:268,0
DA:274,0
DA:276,0
DA:277,0
DA:282,0
DA:286,0
DA:287,0
DA:288,0
DA:290,0
DA:300,0
DA:301,0
DA:306,0
DA:310,0
DA:311,0
DA:312,0
DA:313,0
DA:314,0
DA:315,0
DA:317,0
DA:318,0
DA:320,0
DA:321,0
DA:322,0
DA:327,0
DA:334,0
DA:335,0
DA:339,0
DA:342,0
DA:343,0
DA:344,0
DA:350,0
DA:356,0
DA:357,0
DA:358,0
DA:359,0
DA:363,0
DA:366,0
DA:371,0
DA:372,0
DA:378,0
DA:379,0
DA:380,0
DA:381,0
DA:382,0
DA:383,0
DA:386,0
DA:393,0
DA:394,0
DA:395,0
DA:400,0
DA:403,0
DA:404,0
DA:405,0
DA:414,0
DA:418,0
DA:419,0
DA:421,0
DA:422,0
DA:423,0
DA:429,0
DA:431,0
DA:435,0
DA:437,0
DA:438,0
DA:439,0
DA:443,0
DA:445,0
DA:447,0
DA:448,0
DA:449,0
DA:451,0
DA:452,0
DA:453,0
DA:455,0
DA:456,0
DA:466,0
DA:468,0
DA:472,0
DA:473,0
DA:475,0
DA:476,0
DA:486,0
DA:489,0
DA:490,0
DA:493,0
DA:496,0
DA:499,0
DA:502,0
DA:503,0
DA:518,0
DA:520,0
DA:521,0
DA:526,0
DA:527,0
DA:528,0
DA:533,0
DA:537,0
DA:538,0
DA:539,0
LF:216
LH:0
BRDA:41,0,0,0
BRDA:41,0,1,0
BRDA:41,1,0,0
BRDA:41,1,1,0
BRDA:41,2,0,0
BRDA:41,2,1,0
BRDA:45,3,0,0
BRDA:45,3,1,0
BRDA:45,4,0,0
BRDA:45,4,1,0
BRDA:52,5,0,0
BRDA:52,5,1,0
BRDA:53,6,0,0
BRDA:53,6,1,0
BRDA:54,7,0,0
BRDA:54,7,1,0
BRDA:72,8,0,0
BRDA:72,8,1,0
BRDA:86,9,0,0
BRDA:86,9,1,0
BRDA:88,10,0,0
BRDA:88,10,1,0
BRDA:99,11,0,0
BRDA:99,11,1,0
BRDA:105,12,0,0
BRDA:105,12,1,0
BRDA:127,13,0,0
BRDA:127,13,1,0
BRDA:131,14,0,0
BRDA:131,14,1,0
BRDA:131,15,0,0
BRDA:131,15,1,0
BRDA:133,16,0,0
BRDA:133,16,1,0
BRDA:133,17,0,0
BRDA:133,17,1,0
BRDA:167,18,0,0
BRDA:167,18,1,0
BRDA:205,19,0,0
BRDA:205,19,1,0
BRDA:205,20,0,0
BRDA:205,20,1,0
BRDA:205,20,2,0
BRDA:205,20,3,0
BRDA:231,21,0,0
BRDA:231,21,1,0
BRDA:231,22,0,0
BRDA:231,22,1,0
BRDA:231,23,0,0
BRDA:231,23,1,0
BRDA:315,24,0,0
BRDA:315,24,1,0
BRDA:315,25,0,0
BRDA:315,25,1,0
BRDA:317,26,0,0
BRDA:317,26,1,0
BRDA:317,27,0,0
BRDA:317,27,1,0
BRDA:320,28,0,0
BRDA:320,28,1,0
BRDA:343,29,0,0
BRDA:343,29,1,0
BRDA:358,30,0,0
BRDA:358,30,1,0
BRDA:372,31,0,0
BRDA:372,31,1,0
BRDA:373,32,0,0
BRDA:373,32,1,0
BRDA:373,32,2,0
BRDA:373,32,3,0
BRDA:379,33,0,0
BRDA:379,33,1,0
BRDA:419,34,0,0
BRDA:419,34,1,0
BRDA:419,35,0,0
BRDA:419,35,1,0
BRDA:449,36,0,0
BRDA:449,36,1,0
BRDA:455,37,0,0
BRDA:455,37,1,0
BRDA:475,38,0,0
BRDA:475,38,1,0
BRDA:489,39,0,0
BRDA:489,39,1,0
BRDA:493,40,0,0
BRDA:493,40,1,0
BRDA:507,41,0,0
BRDA:507,41,1,0
BRDA:539,42,0,0
BRDA:539,42,1,0
BRF:90
BRH:0
end_of_record
TN:
SF:src\services\globalServices.ts
FN:6,(anonymous_1)
FN:13,(anonymous_2)
FN:49,(anonymous_3)
FN:52,(anonymous_4)
FN:56,(anonymous_5)
FN:58,(anonymous_6)
FN:63,(anonymous_7)
FN:69,(anonymous_8)
FN:74,(anonymous_9)
FNF:9
FNH:0
FNDA:0,(anonymous_1)
FNDA:0,(anonymous_2)
FNDA:0,(anonymous_3)
FNDA:0,(anonymous_4)
FNDA:0,(anonymous_5)
FNDA:0,(anonymous_6)
FNDA:0,(anonymous_7)
FNDA:0,(anonymous_8)
FNDA:0,(anonymous_9)
DA:1,0
DA:2,0
DA:3,0
DA:6,0
DA:10,0
DA:13,0
DA:14,0
DA:15,0
DA:27,0
DA:28,0
DA:37,0
DA:38,0
DA:49,0
DA:50,0
DA:51,0
DA:52,0
DA:56,0
DA:57,0
DA:58,0
DA:59,0
DA:60,0
DA:63,0
DA:64,0
DA:65,0
DA:66,0
DA:69,0
DA:72,0
DA:73,0
DA:74,0
LF:29
LH:0
BRDA:10,0,0,0
BRDA:10,0,1,0
BRDA:10,0,2,0
BRDA:10,1,0,0
BRDA:10,1,1,0
BRDA:10,2,0,0
BRDA:10,2,1,0
BRDA:14,3,0,0
BRDA:14,3,1,0
BRDA:27,4,0,0
BRDA:27,4,1,0
BRDA:37,5,0,0
BRDA:37,5,1,0
BRDA:51,6,0,0
BRDA:51,6,1,0
BRDA:73,7,0,0
BRDA:73,7,1,0
BRF:17
BRH:0
end_of_record
TN:
SF:src\services\homeServices.ts
FN:3,(anonymous_0)
FNF:1
FNH:0
FNDA:0,(anonymous_0)
DA:1,0
DA:3,0
DA:5,0
DA:6,0
DA:9,0
DA:10,0
DA:14,0
DA:18,0
DA:19,0
DA:23,0
DA:24,0
LF:11
LH:0
BRDA:9,0,0,0
BRDA:9,0,1,0
BRDA:9,1,0,0
BRDA:9,1,1,0
BRDA:14,2,0,0
BRDA:14,2,1,0
BRDA:18,3,0,0
BRDA:18,3,1,0
BRF:8
BRH:0
end_of_record
TN:
SF:src\services\leaderboardServices.ts
FN:9,(anonymous_0)
FN:36,(anonymous_1)
FN:69,(anonymous_2)
FN:90,(anonymous_3)
FN:113,(anonymous_4)
FN:132,(anonymous_5)
FN:172,(anonymous_6)
FN:222,(anonymous_7)
FN:231,(anonymous_8)
FN:235,(anonymous_9)
FN:237,(anonymous_10)
FN:253,(anonymous_11)
FNF:12
FNH:0
FNDA:0,(anonymous_0)
FNDA:0,(anonymous_1)
FNDA:0,(anonymous_2)
FNDA:0,(anonymous_3)
FNDA:0,(anonymous_4)
FNDA:0,(anonymous_5)
FNDA:0,(anonymous_6)
FNDA:0,(anonymous_7)
FNDA:0,(anonymous_8)
FNDA:0,(anonymous_9)
FNDA:0,(anonymous_10)
FNDA:0,(anonymous_11)
DA:7,0
DA:9,0
DA:15,0
DA:36,0
DA:69,0
DA:90,0
DA:113,0
DA:132,0
DA:138,0
DA:144,0
DA:145,0
DA:146,0
DA:167,0
DA:168,0
DA:172,0
DA:178,0
DA:184,0
DA:212,0
DA:213,0
DA:214,0
DA:215,0
DA:216,0
DA:217,0
DA:218,0
DA:219,0
DA:222,0
DA:230,0
DA:231,0
DA:234,0
DA:235,0
DA:236,0
DA:237,0
DA:238,0
DA:239,0
DA:245,0
DA:250,0
DA:253,0
DA:258,0
DA:259,0
DA:260,0
DA:262,0
DA:264,0
LF:42
LH:0
BRDA:16,0,0,0
BRDA:16,0,1,0
BRDA:16,1,0,0
BRDA:16,1,1,0
BRDA:16,2,0,0
BRDA:16,2,1,0
BRDA:17,3,0,0
BRDA:17,3,1,0
BRDA:17,4,0,0
BRDA:17,4,1,0
BRDA:17,5,0,0
BRDA:17,5,1,0
BRDA:77,6,0,0
BRDA:77,6,1,0
BRDA:77,7,0,0
BRDA:77,7,1,0
BRDA:77,8,0,0
BRDA:77,8,1,0
BRDA:77,9,0,0
BRDA:77,9,1,0
BRDA:77,10,0,0
BRDA:77,10,1,0
BRDA:98,11,0,0
BRDA:98,11,1,0
BRDA:98,12,0,0
BRDA:98,12,1,0
BRDA:98,13,0,0
BRDA:98,13,1,0
BRDA:101,14,0,0
BRDA:101,14,1,0
BRDA:108,15,0,0
BRDA:108,15,1,0
BRDA:108,16,0,0
BRDA:108,16,1,0
BRDA:145,17,0,0
BRDA:145,17,1,0
BRDA:150,18,0,0
BRDA:150,18,1,0
BRDA:150,19,0,0
BRDA:150,19,1,0
BRDA:150,20,0,0
BRDA:150,20,1,0
BRDA:191,21,0,0
BRDA:191,21,1,0
BRDA:191,22,0,0
BRDA:191,22,1,0
BRDA:191,23,0,0
BRDA:191,23,1,0
BRDA:215,24,0,0
BRDA:215,24,1,0
BRDA:215,25,0,0
BRDA:215,25,1,0
BRDA:215,26,0,0
BRDA:215,26,1,0
BRDA:236,27,0,0
BRDA:236,27,1,0
BRDA:238,28,0,0
BRDA:238,28,1,0
BRDA:259,29,0,0
BRDA:259,29,1,0
BRF:60
BRH:0
end_of_record
TN:
SF:src\services\teamSelectionServices.ts
FN:1,(anonymous_0)
FNF:1
FNH:0
FNDA:0,(anonymous_0)
DA:1,0
DA:2,0
DA:3,0
DA:4,0
DA:6,0
LF:5
LH:0
BRF:0
BRH:0
end_of_record
